<?xml version="1.0" encoding="UTF-8" ?>
<testsuites errors="1"
            failures="0"
            tests="1">

  <testsuite name="changeLanguage"
    errors="1" failures="0" hostname="" id="" package="changeLanguage" skipped="0"
    tests="1" time="14.21" timestamp="">
  
    <testcase name="css" classname="changeLanguage" time="14.21" assertions="2">

    
<system-out>[[ATTACHMENT|C:\Users\dige\nightwatch-automation\screenshots\changeLanguage\css_FAILED_Jun-09-2022-193133-GMT+0300.png]]</system-out>
    
    <error message="userMenu is not defined" type="error"><![CDATA[
    ReferenceError: userMenu is not defined
    at Object.css (C:\Users\dige\nightwatch-automation\tests\changeLanguage.js:30:14)
    at Context.call (C:\Users\dige\nightwatch-automation\node_modules\nightwatch\lib\testsuite\context.js:430:35)
    at TestCase.run (C:\Users\dige\nightwatch-automation\node_modules\nightwatch\lib\testsuite\testcase.js:58:31)
    at Runnable.__runFn (C:\Users\dige\nightwatch-automation\node_modules\nightwatch\lib\testsuite\index.js:690:80)
    at Runnable.run (C:\Users\dige\nightwatch-automation\node_modules\nightwatch\lib\testsuite\runnable.js:126:21)
    at TestSuite.createRunnable (C:\Users\dige\nightwatch-automation\node_modules\nightwatch\lib\testsuite\index.js:797:33)
    at TestSuite.handleRunnable (C:\Users\dige\nightwatch-automation\node_modules\nightwatch\lib\testsuite\index.js:802:33)
    at C:\Users\dige\nightwatch-automation\node_modules\nightwatch\lib\testsuite\index.js:690:21
    at processTicksAndRejections (node:internal/process/task_queues:96:5)
    at async DefaultRunner.runTestSuite (C:\Users\dige\nightwatch-automation\node_modules\nightwatch\lib\runner\test-runners\default.js:73:7)
    ]]></error>
    
    </testcase>
  

  
    <system-err>
       ReferenceError: userMenu is not defined
       at Object.css (C:\Users\dige\nightwatch-automation\tests\changeLanguage.js:30:14)
    </system-err>
  

    

  
  </testsuite>
</testsuites>
